{
  "RSpec": {
    "coverage": {
      "/Users/kn/Projects/mod3/solo_projects/rails-engine/app/models/customer.rb": {
        "lines": [
          1,
          1,
          null,
          1,
          1,
          1,
          1,
          1,
          null
        ]
      },
      "/Users/kn/Projects/mod3/solo_projects/rails-engine/app/models/application_record.rb": {
        "lines": [
          1,
          1,
          null,
          1,
          19,
          19,
          19,
          19,
          null,
          null,
          null
        ]
      },
      "/Users/kn/Projects/mod3/solo_projects/rails-engine/app/models/invoice_item.rb": {
        "lines": [
          1,
          1,
          1,
          1,
          1,
          1,
          null,
          1,
          1,
          1,
          null,
          1,
          null,
          99,
          null
        ]
      },
      "/Users/kn/Projects/mod3/solo_projects/rails-engine/app/models/invoice.rb": {
        "lines": [
          1,
          1,
          1,
          1,
          1,
          1,
          1,
          null,
          21,
          null,
          null,
          null,
          null,
          null,
          null,
          null,
          null,
          null,
          null,
          null,
          null,
          null,
          null,
          null,
          null,
          null,
          null,
          null,
          1,
          2,
          null,
          null,
          null,
          2,
          null,
          null,
          null
        ]
      },
      "/Users/kn/Projects/mod3/solo_projects/rails-engine/app/models/item.rb": {
        "lines": [
          1,
          1,
          1,
          1,
          1,
          1,
          null,
          1,
          1,
          null,
          1,
          null,
          4,
          null,
          4,
          null,
          null,
          6,
          null,
          null,
          null,
          null
        ]
      },
      "/Users/kn/Projects/mod3/solo_projects/rails-engine/app/models/merchant.rb": {
        "lines": [
          1,
          1,
          1,
          1,
          1,
          1,
          null,
          1,
          null,
          1,
          null,
          3,
          null,
          1,
          null,
          null,
          null,
          null,
          5,
          null,
          null,
          1,
          null,
          null,
          null,
          null,
          null,
          4,
          null,
          null,
          1,
          18,
          98,
          null,
          null,
          null,
          1,
          null,
          null,
          null,
          null,
          null,
          null,
          4,
          null,
          null
        ]
      },
      "/Users/kn/Projects/mod3/solo_projects/rails-engine/app/models/transaction.rb": {
        "lines": [
          1,
          1,
          1,
          null,
          1,
          null
        ]
      },
      "/Users/kn/Projects/mod3/solo_projects/rails-engine/app/controllers/api/v1/merchants_controller.rb": {
        "lines": [
          1,
          1,
          null,
          1,
          10,
          10,
          10,
          null,
          null,
          null,
          1,
          1,
          1,
          null,
          null,
          null,
          1,
          4,
          4,
          2,
          null,
          2,
          null,
          null,
          null,
          null,
          1,
          3,
          2,
          null,
          1,
          null,
          null,
          null,
          null,
          1,
          1,
          null,
          null,
          1,
          null,
          null,
          1,
          6,
          null,
          null,
          null,
          1,
          7,
          null,
          null,
          null
        ]
      },
      "/Users/kn/Projects/mod3/solo_projects/rails-engine/app/controllers/application_controller.rb": {
        "lines": [
          1,
          1,
          1,
          null,
          1,
          1,
          null,
          null,
          1,
          5,
          null,
          null
        ]
      },
      "/Users/kn/Projects/mod3/solo_projects/rails-engine/app/controllers/api/v1/items/item_merchant_controller.rb": {
        "lines": [
          1,
          1,
          null,
          1,
          1,
          1,
          1,
          null,
          null,
          1,
          null,
          1,
          1,
          null,
          null,
          null
        ]
      },
      "/Users/kn/Projects/mod3/solo_projects/rails-engine/app/serializers/merchant_serializer.rb": {
        "lines": [
          1,
          1,
          1,
          null
        ]
      },
      "/Users/kn/Projects/mod3/solo_projects/rails-engine/app/controllers/api/v1/items/search_controller.rb": {
        "lines": [
          1,
          null,
          1,
          3,
          2,
          null,
          1,
          1,
          1,
          null,
          null,
          null,
          1,
          9,
          null,
          9,
          10,
          null,
          9,
          2,
          2,
          null,
          7,
          null,
          null,
          null,
          1,
          null,
          1,
          9,
          null,
          null
        ]
      },
      "/Users/kn/Projects/mod3/solo_projects/rails-engine/app/serializers/item_serializer.rb": {
        "lines": [
          1,
          1,
          1,
          null
        ]
      },
      "/Users/kn/Projects/mod3/solo_projects/rails-engine/app/controllers/api/v1/items_controller.rb": {
        "lines": [
          1,
          1,
          null,
          null,
          1,
          9,
          9,
          9,
          null,
          null,
          null,
          1,
          2,
          2,
          null,
          null,
          null,
          1,
          4,
          2,
          2,
          2,
          2,
          null,
          null,
          null,
          null,
          1,
          3,
          2,
          2,
          null,
          null,
          null,
          1,
          1,
          1,
          1,
          null,
          null,
          1,
          null,
          null,
          1,
          7,
          null,
          null,
          null,
          1,
          5,
          null,
          null,
          null
        ]
      },
      "/Users/kn/Projects/mod3/solo_projects/rails-engine/app/controllers/api/v1/merchant_items_controller.rb": {
        "lines": [
          1,
          null,
          null,
          1,
          5,
          2,
          null,
          3,
          3,
          3,
          null,
          null,
          null,
          1,
          3,
          2,
          2,
          2,
          null,
          null
        ]
      },
      "/Users/kn/Projects/mod3/solo_projects/rails-engine/app/serializers/merchant_most_items_serializer.rb": {
        "lines": [
          1,
          1,
          1,
          null,
          1,
          17,
          null,
          null
        ]
      },
      "/Users/kn/Projects/mod3/solo_projects/rails-engine/app/controllers/api/v1/merchants/search_controller.rb": {
        "lines": [
          1,
          1,
          null,
          1,
          1,
          1,
          1,
          null,
          null,
          1,
          1,
          1,
          0,
          null,
          1,
          1,
          null,
          null,
          null,
          1,
          null,
          1,
          6,
          4,
          null,
          null,
          null
        ]
      },
      "/Users/kn/Projects/mod3/solo_projects/rails-engine/app/controllers/api/v1/revenue/merchant_revenues_controller.rb": {
        "lines": [
          1,
          null,
          1,
          4,
          1,
          null,
          3,
          3,
          3,
          null,
          null,
          null,
          1,
          1,
          1,
          1,
          null,
          null,
          1,
          null,
          1,
          1,
          null,
          null
        ]
      },
      "/Users/kn/Projects/mod3/solo_projects/rails-engine/app/serializers/merchant_name_revenue_serializer.rb": {
        "lines": [
          1,
          1,
          1,
          null,
          1,
          3,
          null,
          null
        ]
      },
      "/Users/kn/Projects/mod3/solo_projects/rails-engine/app/controllers/api/v1/revenue_controller.rb": {
        "lines": [
          1,
          null,
          1,
          5,
          4,
          null,
          1,
          1,
          1,
          null,
          null,
          null
        ]
      },
      "/Users/kn/Projects/mod3/solo_projects/rails-engine/app/analytics/revenue_analytic.rb": {
        "lines": [
          1,
          1,
          null,
          null,
          null,
          1,
          1,
          1,
          1,
          1,
          null,
          null,
          1,
          null,
          null,
          null,
          null,
          null,
          null,
          null,
          1,
          null,
          null
        ]
      },
      "/Users/kn/Projects/mod3/solo_projects/rails-engine/app/serializers/revenue_serializer.rb": {
        "lines": [
          1,
          1,
          1,
          null,
          null,
          null
        ]
      },
      "/Users/kn/Projects/mod3/solo_projects/rails-engine/app/serializers/merchant_revenue_serializer.rb": {
        "lines": [
          1,
          1,
          null,
          1,
          1,
          null,
          null
        ]
      }
    },
    "timestamp": 1617935680
  }
}
